This mapping 'snapshot_20180508' was designed for MC 1.12! Use at your own peril.This mapping 'snapshot_20180508' was designed for MC 1.12! Use at your own peril.

:deobfCompileDummyTask
:getVersionJson
:extractUserdev UP-TO-DATE
:downloadClient SKIPPED
:downloadServer SKIPPED
:splitServerJar SKIPPED
:mergeJars SKIPPED
:applyBinaryPatches SKIPPED
:deobfProvidedDummyTask
:extractDependencyATs SKIPPED
:extractMcpData SKIPPED
:extractMcpMappings SKIPPED
:genSrgs SKIPPED
:deobfMcMCP SKIPPED
:sourceApiJava UP-TO-DATE
:compileApiJava UP-TO-DATE
:processApiResources UP-TO-DATE
:apiClasses UP-TO-DATE
:sourceMainJava
:compileJavaNote: /Users/willtaylor/Documents/playground/eclipse/arena-realm/build/sources/main/java/com/titosworld/gladius/dimension/TeleporterGladius.java uses unchecked or unsafe operations.
Note: Recompile with -Xlint:unchecked for details.

:processResources UP-TO-DATE
:classes
:jar
:sourceTestJava UP-TO-DATE
:compileTestJava UP-TO-DATE
:processTestResources UP-TO-DATE
:testClasses UP-TO-DATE
:test UP-TO-DATE
:reobfJar
:extractAnnotationsJar
:extractRangemapReplacedMain
/Users/willtaylor/Documents/playground/eclipse/arena-realm/build/sources/main/java
:retromapReplacedMain
remapping source...
:sourceJar
:assemble
:check UP-TO-DATE
:build

BUILD SUCCESSFUL

Total time: 18.58 secs
